2026-04-28 11:00:29:029 [31merror[39m: [31mGET /api/v1/posts?page=1&limit=10 500 - 279ms[39m
2026-04-28 11:00:37:037 [33mwarn[39m: [33mGET /api/v1/users/login 404 - 17ms[39m
2026-04-28 11:00:37:037 [33mwarn[39m: [33mGET /api/v1/users/login 404 - 4ms[39m
2026-04-28 11:02:29:229 [31merror[39m: [31mGET /api/v1/posts?page=1&limit=10 500 - 16ms[39m
2026-04-28 11:03:01:31 [31merror[39m: [31mGET /api/v1/posts 500 - 24ms[39m
2026-04-28 11:03:01:31 [31merror[39m: [31mGET /api/v1/categories 500 - 28ms[39m
2026-04-28 11:03:01:31 [31merror[39m: [31mGET /api/v1/posts 500 - 21ms[39m
2026-04-28 11:03:01:31 [31merror[39m: [31mGET /api/v1/categories 500 - 24ms[39m
2026-04-28 11:03:57:357 [33mwarn[39m: [33mGET /api/v1/posts/ky-thuat-trong-dua-luoi-nha-mang 404 - 5059ms[39m
2026-04-28 11:03:57:357 [33mwarn[39m: [33mGET /api/v1/posts/ky-thuat-trong-dua-luoi-nha-mang 404 - 5056ms[39m
2026-04-28 11:04:07:47 [31merror[39m: [31mGET /api/v1/categories 500 - 10ms[39m
2026-04-28 11:04:07:47 [31merror[39m: [31mGET /api/v1/categories 500 - 17ms[39m
2026-04-28 11:10:29:1029 [31merror[39m: [31mGET /api/v1/posts?page=1&limit=10 500 - 5ms[39m
2026-04-28 11:10:40:1040 [31merror[39m: [31mGET /api/v1/posts?page=1&limit=10 500 - 3ms[39m
2026-04-28 11:10:58:1058 [31merror[39m: [31mGET /api/v1/categories 500 - 4ms[39m
2026-04-28 11:10:58:1058 [31merror[39m: [31mGET /api/v1/posts 500 - 6ms[39m
2026-04-28 11:10:58:1058 [31merror[39m: [31mGET /api/v1/categories 500 - 5ms[39m
2026-04-28 11:10:58:1058 [31merror[39m: [31mGET /api/v1/posts 500 - 7ms[39m
2026-04-28 11:11:00:110 [31merror[39m: [31mGET /api/v1/categories 500 - 6ms[39m
2026-04-28 11:11:00:110 [31merror[39m: [31mGET /api/v1/categories 500 - 4ms[39m
2026-04-28 11:11:01:111 [31merror[39m: [31mGET /api/v1/posts 500 - 8ms[39m
2026-04-28 11:11:01:111 [31merror[39m: [31mGET /api/v1/categories 500 - 7ms[39m
2026-04-28 11:11:01:111 [31merror[39m: [31mGET /api/v1/posts 500 - 4ms[39m
2026-04-28 11:11:01:111 [31merror[39m: [31mGET /api/v1/categories 500 - 5ms[39m
2026-04-28 11:11:04:114 [33mwarn[39m: [33mGET /api/v1/users/login 404 - 5ms[39m
2026-04-28 11:11:04:114 [33mwarn[39m: [33mGET /api/v1/users/login 404 - 3ms[39m
2026-04-28 11:11:12:1112 [33mwarn[39m: [33mGET /api/v1/users/admin 404 - 6ms[39m
2026-04-28 11:11:12:1112 [33mwarn[39m: [33mGET /api/v1/users/admin 404 - 3ms[39m
2026-04-28 12:12:23:1223 [31merror[39m: [31mGET /api/v1/posts 500 - 9ms[39m
2026-04-28 12:12:23:1223 [31merror[39m: [31mGET /api/v1/categories 500 - 6ms[39m
2026-04-28 12:12:23:1223 [31merror[39m: [31mGET /api/v1/posts 500 - 9ms[39m
2026-04-28 12:12:23:1223 [31merror[39m: [31mGET /api/v1/categories 500 - 6ms[39m
2026-04-28 12:14:10:1410 [31merror[39m: [31mGET /api/v1/posts 500 - 4ms[39m
2026-04-28 12:14:10:1410 [31merror[39m: [31mGET /api/v1/categories 500 - 7ms[39m
2026-04-28 12:14:10:1410 [31merror[39m: [31mGET /api/v1/posts 500 - 4ms[39m
2026-04-28 12:14:10:1410 [31merror[39m: [31mGET /api/v1/categories 500 - 5ms[39m
2026-04-29 11:16:59:1659 [32minfo[39m: [32mGET /api/health 200 - 6244ms[39m
2026-04-29 11:17:18:1718 [32minfo[39m: [32mGET /api/health 200 - 7635ms[39m
2026-04-29 11:17:35:1735 [32minfo[39m: [32mGET /api/health 200 - 6570ms[39m
2026-04-29 11:18:08:188 [32minfo[39m: [32mGET /api/health 200 - 7224ms[39m
2026-04-29 11:18:26:1826 [32minfo[39m: [32mGET /api/health 200 - 7128ms[39m
2026-04-29 11:18:47:1847 [32minfo[39m: [32mGET /api/health 200 - 7219ms[39m
